{"name": "user add checking account", "status": "broken", "statusDetails": {"message": "selenium.common.exceptions.NoSuchElementException: Message: no such element: Unable to locate element: {\"method\":\"xpath\",\"selector\":\"//A[@href='/bank_account_verifications/new']    [text()='Add a new payment account']\"}\n  (Session info: chrome=66.0.3359.139)\n  (Driver info: chromedriver=2.35.528161 (5b82f2d2aae0ca24b877009200ced9065a772e73),platform=Windows NT 10.0.16299 x86_64)\n\n", "trace": "  File \"c:\\python36\\lib\\site-packages\\behave\\model.py\", line 1329, in run\n    match.run(runner.context)\n  File \"c:\\python36\\lib\\site-packages\\behave\\matchers.py\", line 98, in run\n    self.func(context, *args, **kwargs)\n  File \"steps\\Pataju.py\", line 96, in step_impl\n    [text()='Add a new payment account']\").click()\n  File \"c:\\python36\\lib\\site-packages\\selenium\\webdriver\\remote\\webdriver.py\", line 385, in find_element_by_xpath\n    return self.find_element(by=By.XPATH, value=xpath)\n  File \"c:\\python36\\lib\\site-packages\\selenium\\webdriver\\remote\\webdriver.py\", line 955, in find_element\n    'value': value})['value']\n  File \"c:\\python36\\lib\\site-packages\\selenium\\webdriver\\remote\\webdriver.py\", line 312, in execute\n    self.error_handler.check_response(response)\n  File \"c:\\python36\\lib\\site-packages\\selenium\\webdriver\\remote\\errorhandler.py\", line 242, in check_response\n    raise exception_class(message, screen, stacktrace)\n"}, "steps": [{"name": "When User Add new Account", "status": "broken", "statusDetails": {"message": "selenium.common.exceptions.NoSuchElementException: Message: no such element: Unable to locate element: {\"method\":\"xpath\",\"selector\":\"//A[@href='/bank_account_verifications/new']    [text()='Add a new payment account']\"}\n  (Session info: chrome=66.0.3359.139)\n  (Driver info: chromedriver=2.35.528161 (5b82f2d2aae0ca24b877009200ced9065a772e73),platform=Windows NT 10.0.16299 x86_64)\n\n", "trace": "  File \"c:\\python36\\lib\\site-packages\\behave\\model.py\", line 1329, in run\n    match.run(runner.context)\n  File \"c:\\python36\\lib\\site-packages\\behave\\matchers.py\", line 98, in run\n    self.func(context, *args, **kwargs)\n  File \"steps\\Pataju.py\", line 96, in step_impl\n    [text()='Add a new payment account']\").click()\n  File \"c:\\python36\\lib\\site-packages\\selenium\\webdriver\\remote\\webdriver.py\", line 385, in find_element_by_xpath\n    return self.find_element(by=By.XPATH, value=xpath)\n  File \"c:\\python36\\lib\\site-packages\\selenium\\webdriver\\remote\\webdriver.py\", line 955, in find_element\n    'value': value})['value']\n  File \"c:\\python36\\lib\\site-packages\\selenium\\webdriver\\remote\\webdriver.py\", line 312, in execute\n    self.error_handler.check_response(response)\n  File \"c:\\python36\\lib\\site-packages\\selenium\\webdriver\\remote\\errorhandler.py\", line 242, in check_response\n    raise exception_class(message, screen, stacktrace)\n"}, "start": 1526448587998, "stop": 1526448588029}, {"name": "Then Account Added Successfully", "status": "skipped", "attachments": [{"name": ".text", "source": "de8e46f2-444f-4be8-9135-46e98086148a-attachment.txt", "type": "text/plain"}], "start": 1526448588316, "stop": 1526448588316}], "attachments": [{"name": "Screenshot", "source": "d73a4351-2d0e-4a40-8467-21f054a4fb14-attachment.png", "type": "image/png"}], "start": 1526448587998, "stop": 1526448588316, "uuid": "666e752f-063c-444b-a980-1bf2127f579e", "historyId": "df9b9a661425ce3636010e3c09bc9052", "labels": [{"name": "severity", "value": "normal"}, {"name": "feature", "value": "Testing My Account"}, {"name": "framework", "value": "behave"}, {"name": "language", "value": "cpython3"}]}