{"name": "Perform Adhoc Payment", "status": "broken", "statusDetails": {"message": "selenium.common.exceptions.NoSuchElementException: Message: no such element: Unable to locate element: {\"method\":\"xpath\",\"selector\":\"//BUTTON[@class='btn btn-primary pull-right'][text()='Confirm']\"}\n  (Session info: chrome=66.0.3359.139)\n  (Driver info: chromedriver=2.35.528161 (5b82f2d2aae0ca24b877009200ced9065a772e73),platform=Windows NT 10.0.16299 x86_64)\n\n", "trace": "  File \"c:\\python36\\lib\\site-packages\\behave\\model.py\", line 1329, in run\n    match.run(runner.context)\n  File \"c:\\python36\\lib\\site-packages\\behave\\matchers.py\", line 98, in run\n    self.func(context, *args, **kwargs)\n  File \"steps\\Pataju.py\", line 122, in step_impl\n    context.browser.find_element_by_xpath(\"//BUTTON[@class='btn btn-primary pull-right'][text()='Confirm']\").click()\n  File \"c:\\python36\\lib\\site-packages\\selenium\\webdriver\\remote\\webdriver.py\", line 385, in find_element_by_xpath\n    return self.find_element(by=By.XPATH, value=xpath)\n  File \"c:\\python36\\lib\\site-packages\\selenium\\webdriver\\remote\\webdriver.py\", line 955, in find_element\n    'value': value})['value']\n  File \"c:\\python36\\lib\\site-packages\\selenium\\webdriver\\remote\\webdriver.py\", line 312, in execute\n    self.error_handler.check_response(response)\n  File \"c:\\python36\\lib\\site-packages\\selenium\\webdriver\\remote\\errorhandler.py\", line 242, in check_response\n    raise exception_class(message, screen, stacktrace)\n"}, "steps": [{"name": "When user add amount and account  details", "status": "broken", "statusDetails": {"message": "selenium.common.exceptions.NoSuchElementException: Message: no such element: Unable to locate element: {\"method\":\"xpath\",\"selector\":\"//BUTTON[@class='btn btn-primary pull-right'][text()='Confirm']\"}\n  (Session info: chrome=66.0.3359.139)\n  (Driver info: chromedriver=2.35.528161 (5b82f2d2aae0ca24b877009200ced9065a772e73),platform=Windows NT 10.0.16299 x86_64)\n\n", "trace": "  File \"c:\\python36\\lib\\site-packages\\behave\\model.py\", line 1329, in run\n    match.run(runner.context)\n  File \"c:\\python36\\lib\\site-packages\\behave\\matchers.py\", line 98, in run\n    self.func(context, *args, **kwargs)\n  File \"steps\\Pataju.py\", line 122, in step_impl\n    context.browser.find_element_by_xpath(\"//BUTTON[@class='btn btn-primary pull-right'][text()='Confirm']\").click()\n  File \"c:\\python36\\lib\\site-packages\\selenium\\webdriver\\remote\\webdriver.py\", line 385, in find_element_by_xpath\n    return self.find_element(by=By.XPATH, value=xpath)\n  File \"c:\\python36\\lib\\site-packages\\selenium\\webdriver\\remote\\webdriver.py\", line 955, in find_element\n    'value': value})['value']\n  File \"c:\\python36\\lib\\site-packages\\selenium\\webdriver\\remote\\webdriver.py\", line 312, in execute\n    self.error_handler.check_response(response)\n  File \"c:\\python36\\lib\\site-packages\\selenium\\webdriver\\remote\\errorhandler.py\", line 242, in check_response\n    raise exception_class(message, screen, stacktrace)\n"}, "start": 1526448584792, "stop": 1526448587642}, {"name": "When Confirm adhoc payment", "status": "skipped", "start": 1526448587951, "stop": 1526448587951}, {"name": "Then payment submitted", "status": "skipped", "start": 1526448587951, "stop": 1526448587951}], "attachments": [{"name": "Screenshot", "source": "0ec4d6a2-32d9-4123-92be-16afd6c7a891-attachment.png", "type": "image/png"}], "start": 1526448584788, "stop": 1526448587951, "uuid": "dbcc9026-a12c-4646-8c70-50cfb2474ea9", "historyId": "762ac802a295fdb0813d5c2afd248578", "labels": [{"name": "severity", "value": "normal"}, {"name": "feature", "value": "Testing My Account"}, {"name": "framework", "value": "behave"}, {"name": "language", "value": "cpython3"}]}